# JRE version: OpenJDK Runtime Environment (21.0.8) (build 21.0.8+-14196175-b1038.72)
# Java VM: OpenJDK 64-Bit Server VM (21.0.8+-14196175-b1038.72, mixed mode, tiered, compressed oops, compressed class ptrs, g1 gc, windows-amd64)
GC Precious Log:
 CardTable entry size: 512
 Card Set container configuration: InlinePtr #cards 4 size 8 Array Of Cards #cards 32 size 80 Howl #buckets 8 coarsen threshold 7372 Howl Bitmap #cards 1024 size 144 coarsen threshold 921 Card regions per heap region 1 cards per card region 8192
 CPUs: 24 total, 24 available
 Memory: 32437M
 Large Page Support: Disabled
 NUMA Support: Disabled
 Compressed Oops: Enabled (Zero based)
 Heap Region Size: 4M
 Heap Min Capacity: 8M
 Heap Initial Capacity: 508M
 Heap Max Capacity: 5G
 Pre-touch: Disabled
 Parallel Workers: 18
 Concurrent Workers: 5
 Concurrent Refinement Workers: 18
 Periodic GC: Disabled
Heap:
 garbage-first heap   total 1105920K, used 616269K [0x00000006c0000000, 0x0000000800000000)
  region size 4096K, 60 young (245760K), 11 survivors (45056K)
 Metaspace       used 173365K, committed 176000K, reserved 1245184K
  class space    used 23970K, committed 25280K, reserved 1048576K
GC Heap History (20 events):
Event: 190.890 GC heap before
{Heap before GC invocations=69 (full 0):
 garbage-first heap   total 856064K, used 782569K [0x00000006c0000000, 0x0000000800000000)
  region size 4096K, 110 young (450560K), 6 survivors (24576K)
 Metaspace       used 163390K, committed 165888K, reserved 1245184K
  class space    used 22778K, committed 24000K, reserved 1048576K
}
Event: 190.894 GC heap after
{Heap after GC invocations=70 (full 0):
 garbage-first heap   total 856064K, used 360183K [0x00000006c0000000, 0x0000000800000000)
  region size 4096K, 7 young (28672K), 7 survivors (28672K)
 Metaspace       used 163390K, committed 165888K, reserved 1245184K
  class space    used 22778K, committed 24000K, reserved 1048576K
}
Event: 191.016 GC heap before
{Heap before GC invocations=70 (full 0):
 garbage-first heap   total 856064K, used 777975K [0x00000006c0000000, 0x0000000800000000)
  region size 4096K, 109 young (446464K), 7 survivors (28672K)
 Metaspace       used 163390K, committed 165888K, reserved 1245184K
  class space    used 22778K, committed 24000K, reserved 1048576K
}
Event: 191.021 GC heap after
{Heap after GC invocations=71 (full 0):
 garbage-first heap   total 856064K, used 362354K [0x00000006c0000000, 0x0000000800000000)
  region size 4096K, 8 young (32768K), 8 survivors (32768K)
 Metaspace       used 163390K, committed 165888K, reserved 1245184K
  class space    used 22778K, committed 24000K, reserved 1048576K
}
Event: 191.140 GC heap before
{Heap before GC invocations=71 (full 0):
 garbage-first heap   total 856064K, used 771954K [0x00000006c0000000, 0x0000000800000000)
  region size 4096K, 108 young (442368K), 8 survivors (32768K)
 Metaspace       used 163390K, committed 165888K, reserved 1245184K
  class space    used 22778K, committed 24000K, reserved 1048576K
}
Event: 191.145 GC heap after
{Heap after GC invocations=72 (full 0):
 garbage-first heap   total 856064K, used 366647K [0x00000006c0000000, 0x0000000800000000)
  region size 4096K, 9 young (36864K), 9 survivors (36864K)
 Metaspace       used 163390K, committed 165888K, reserved 1245184K
  class space    used 22778K, committed 24000K, reserved 1048576K
}
Event: 191.318 GC heap before
{Heap before GC invocations=73 (full 0):
 garbage-first heap   total 856064K, used 768055K [0x00000006c0000000, 0x0000000800000000)
  region size 4096K, 107 young (438272K), 9 survivors (36864K)
 Metaspace       used 163392K, committed 165888K, reserved 1245184K
  class space    used 22778K, committed 24000K, reserved 1048576K
}
Event: 191.323 GC heap after
{Heap after GC invocations=74 (full 0):
 garbage-first heap   total 856064K, used 369584K [0x00000006c0000000, 0x0000000800000000)
  region size 4096K, 8 young (32768K), 8 survivors (32768K)
 Metaspace       used 163392K, committed 165888K, reserved 1245184K
  class space    used 22778K, committed 24000K, reserved 1048576K
}
Event: 197.543 GC heap before
{Heap before GC invocations=74 (full 0):
 garbage-first heap   total 856064K, used 807856K [0x00000006c0000000, 0x0000000800000000)
  region size 4096K, 107 young (438272K), 8 survivors (32768K)
 Metaspace       used 164548K, committed 167040K, reserved 1245184K
  class space    used 22843K, committed 24064K, reserved 1048576K
}
Event: 197.552 GC heap after
{Heap after GC invocations=75 (full 0):
 garbage-first heap   total 1105920K, used 399803K [0x00000006c0000000, 0x0000000800000000)
  region size 4096K, 14 young (57344K), 14 survivors (57344K)
 Metaspace       used 164548K, committed 167040K, reserved 1245184K
  class space    used 22843K, committed 24064K, reserved 1048576K
}
Event: 198.014 GC heap before
{Heap before GC invocations=75 (full 0):
 garbage-first heap   total 1105920K, used 985531K [0x00000006c0000000, 0x0000000800000000)
  region size 4096K, 157 young (643072K), 14 survivors (57344K)
 Metaspace       used 164781K, committed 167296K, reserved 1245184K
  class space    used 22892K, committed 24128K, reserved 1048576K
}
Event: 198.022 GC heap after
{Heap after GC invocations=76 (full 0):
 garbage-first heap   total 1105920K, used 409108K [0x00000006c0000000, 0x0000000800000000)
  region size 4096K, 13 young (53248K), 13 survivors (53248K)
 Metaspace       used 164781K, committed 167296K, reserved 1245184K
  class space    used 22892K, committed 24128K, reserved 1048576K
}
Event: 198.201 GC heap before
{Heap before GC invocations=77 (full 0):
 garbage-first heap   total 1105920K, used 990740K [0x00000006c0000000, 0x0000000800000000)
  region size 4096K, 155 young (634880K), 13 survivors (53248K)
 Metaspace       used 164781K, committed 167296K, reserved 1245184K
  class space    used 22892K, committed 24128K, reserved 1048576K
}
Event: 198.207 GC heap after
{Heap after GC invocations=78 (full 0):
 garbage-first heap   total 1105920K, used 412347K [0x00000006c0000000, 0x0000000800000000)
  region size 4096K, 11 young (45056K), 11 survivors (45056K)
 Metaspace       used 164781K, committed 167296K, reserved 1245184K
  class space    used 22892K, committed 24128K, reserved 1048576K
}
Event: 198.395 GC heap before
{Heap before GC invocations=78 (full 0):
 garbage-first heap   total 1105920K, used 1002171K [0x00000006c0000000, 0x0000000800000000)
  region size 4096K, 155 young (634880K), 11 survivors (45056K)
 Metaspace       used 164781K, committed 167296K, reserved 1245184K
  class space    used 22892K, committed 24128K, reserved 1048576K
}
Event: 198.402 GC heap after
{Heap after GC invocations=79 (full 0):
 garbage-first heap   total 1105920K, used 414843K [0x00000006c0000000, 0x0000000800000000)
  region size 4096K, 12 young (49152K), 12 survivors (49152K)
 Metaspace       used 164781K, committed 167296K, reserved 1245184K
  class space    used 22892K, committed 24128K, reserved 1048576K
}
Event: 198.596 GC heap before
{Heap before GC invocations=79 (full 0):
 garbage-first heap   total 1105920K, used 996475K [0x00000006c0000000, 0x0000000800000000)
  region size 4096K, 154 young (630784K), 12 survivors (49152K)
 Metaspace       used 164781K, committed 167296K, reserved 1245184K
  class space    used 22892K, committed 24128K, reserved 1048576K
}
Event: 198.601 GC heap after
{Heap after GC invocations=80 (full 0):
 garbage-first heap   total 1105920K, used 419396K [0x00000006c0000000, 0x0000000800000000)
  region size 4096K, 12 young (49152K), 12 survivors (49152K)
 Metaspace       used 164781K, committed 167296K, reserved 1245184K
  class space    used 22892K, committed 24128K, reserved 1048576K
}
Event: 198.857 GC heap before
{Heap before GC invocations=81 (full 0):
 garbage-first heap   total 1105920K, used 996932K [0x00000006c0000000, 0x0000000800000000)
  region size 4096K, 153 young (626688K), 12 survivors (49152K)
 Metaspace       used 164782K, committed 167296K, reserved 1245184K
  class space    used 22892K, committed 24128K, reserved 1048576K
}
Event: 198.863 GC heap after
{Heap after GC invocations=82 (full 0):
 garbage-first heap   total 1105920K, used 419661K [0x00000006c0000000, 0x0000000800000000)
  region size 4096K, 11 young (45056K), 11 survivors (45056K)
 Metaspace       used 164782K, committed 167296K, reserved 1245184K
  class space    used 22892K, committed 24128K, reserved 1048576K
}

